2020-08-10 19:53:45  EFI HP BIOS Update 3.9.0.0 Started
2020-08-10 19:53:45  [L]> System ID: 878A
2020-08-10 19:53:45  HP BIOS Image Interface Protocol Version 2.0
2020-08-10 19:53:45  [L]> EFI_HP_BATTERY_CONTROL_PROTOCOL_2010 is present.
2020-08-10 19:53:45  Type 11 1 tables
2020-08-10 19:53:45  Type (000000000000000Bh), Len (0000000000000005h), Handle (0000000000000011h), String count (000000000000000Dh)
2020-08-10 19:53:45  HPBATDET: Environment Variable not found.
2020-08-10 19:53:46  BATDET: Date 6//8//2020 
2020-08-10 19:53:46  BATDET: 0
2020-08-10 19:53:46  [L]> BATDET: HP
2020-08-10 19:53:46  [L]> Found 1 Absolute Pointer Protocol(s)
2020-08-10 19:53:46  [L]> 0 UART device path node found.
2020-08-10 19:53:46  All Required Protocols Located
2020-08-10 19:53:46  HpBiosUpdate.Mode = 0
2020-08-10 19:53:46  WRITE_BB = 0
2020-08-10 19:53:46  Current Directory = \EFI\HP\BIOSUpdate\
2020-08-10 19:53:46  [L]> System ID: 878A
2020-08-10 19:53:46  SMBIOS Init Success
2020-08-10 19:53:46  SystemFamily = 2
2020-08-10 19:53:46  [L]> PlatformLang reported as zh-chs.
2020-08-10 19:53:46  [L]> Language Selected is currently (chs).
2020-08-10 19:53:46  Starting BIOS Update Process
2020-08-10 19:53:46  Setting BIOS Update Token
2020-08-10 19:53:46  Getting BIOS Detail Information
2020-08-10 19:53:46  IsBiosSixDigits = 0
2020-08-10 19:53:46  BIOS Returned BiosID '0878A'
2020-08-10 19:53:46  Skip Addresses:
2020-08-10 19:53:46  Loading BIOS Image
2020-08-10 19:53:46  File name constructed: EFI\HP\BIOS\New\0878A.bin
2020-08-10 19:53:46  Reading New BIOS Image EFI\HP\BIOS\New\0878A.bin
2020-08-10 19:53:46  Getting BIOS version from file image
2020-08-10 19:53:46  Bios Version = F.01
2020-08-10 19:53:46  Verifying AC or Battery Power Status
2020-08-10 19:54:01  Verifying Binary match
2020-08-10 19:54:01  Loading Signature File
2020-08-10 19:54:01  Loading Password File if required
2020-08-10 19:54:01  BIOS Password not required.
2020-08-10 19:54:01  Writing BIOS Image
2020-08-10 19:56:04  Verifying Written BIOS Image
2020-08-10 19:56:16  Updating BIOS files
2020-08-10 19:56:16  File name constructed: EFI\HP\BIOS\Current\0878A.bin
2020-08-10 19:56:16  File name constructed: EFI\HP\BIOS\Previous\0878A.bin
2020-08-10 19:56:16  File name constructed: EFI\HP\BIOS\Current\0878A.sig
2020-08-10 19:56:16  File name constructed: EFI\HP\BIOS\Previous\0878A.sig
2020-08-10 19:56:16  File name constructed: EFI\HP\BIOS\Current\0878A.s12
2020-08-10 19:56:16  Read file EFI\HP\BIOS\Current\0878A.s12 failed (Not Found)
2020-08-10 19:56:16  File name constructed: EFI\HP\BIOS\Current\0878A.bin
2020-08-10 19:56:16  File name constructed: EFI\HP\BIOS\Current\0878A.sig
2020-08-10 19:56:16  File name constructed: EFI\HP\BIOS\New\0878A.bin
2020-08-10 19:56:16  Will delete file EFI\HP\BIOS\New\0878A.bin
2020-08-10 19:56:16  File name constructed: EFI\HP\BIOS\New\0878A.sig
2020-08-10 19:56:16  Will delete file EFI\HP\BIOS\New\0878A.sig
2020-08-10 19:56:16  EfiBiosUpdateLibEntry(): Result is 0x0
2020-08-10 19:56:16  Setting Flash Completion Status
2020-08-10 19:56:16  BIOS Update Process Complete
2020-08-10 19:56:16  BIOS Update Successful
2020-08-19 03:26:52  EFI HP BIOS Update 3.9.0.0 Started
2020-08-19 03:26:52  [L]> System ID: 878A
2020-08-19 03:26:52  HP BIOS Image Interface Protocol Version 2.0
2020-08-19 03:26:52  [L]> EFI_HP_BATTERY_CONTROL_PROTOCOL_2010 is present.
2020-08-19 03:26:52  Type 11 1 tables
2020-08-19 03:26:52  Type (000000000000000Bh), Len (0000000000000005h), Handle (0000000000000011h), String count (000000000000000Dh)
2020-08-19 03:26:52  HPBATDET: Environment Variable not found.
2020-08-19 03:26:52  BATDET: Date 6//8//2020 
2020-08-19 03:26:52  BATDET: 0
2020-08-19 03:26:52  [L]> BATDET: HP
2020-08-19 03:26:52  [L]> Found 1 Absolute Pointer Protocol(s)
2020-08-19 03:26:52  [L]> 0 UART device path node found.
2020-08-19 03:26:52  All Required Protocols Located
2020-08-19 03:26:52  HpBiosUpdate.Mode = 0
2020-08-19 03:26:52  WRITE_BB = 0
2020-08-19 03:26:52  Current Directory = \EFI\HP\BIOSUpdate\
2020-08-19 03:26:52  [L]> System ID: 878A
2020-08-19 03:26:52  SMBIOS Init Success
2020-08-19 03:26:52  SystemFamily = 2
2020-08-19 03:26:52  [L]> PlatformLang reported as en-US.
2020-08-19 03:26:52  [L]> Language Selected is currently (eng).
2020-08-19 03:26:52  Starting BIOS Update Process
2020-08-19 03:26:52  Setting BIOS Update Token
2020-08-19 03:26:52  Getting BIOS Detail Information
2020-08-19 03:26:53  IsBiosSixDigits = 0
2020-08-19 03:26:53  BIOS Returned BiosID '0878A'
2020-08-19 03:26:53  Skip Addresses:
2020-08-19 03:26:53  Loading BIOS Image
2020-08-19 03:26:53  File name constructed: EFI\HP\BIOS\New\0878A.bin
2020-08-19 03:26:53  Reading New BIOS Image EFI\HP\BIOS\New\0878A.bin
2020-08-19 03:26:53  Getting BIOS version from file image
2020-08-19 03:26:53  Bios Version = F.05
2020-08-19 03:26:53  Verifying AC or Battery Power Status
2020-08-19 03:27:00  Verifying Binary match
2020-08-19 03:27:00  Loading Signature File
2020-08-19 03:27:00  Loading Password File if required
2020-08-19 03:27:00  BIOS Password not required.
2020-08-19 03:27:00  Writing BIOS Image
2020-08-19 03:29:06  Verifying Written BIOS Image
2020-08-19 03:29:21  Updating BIOS files
2020-08-19 03:29:21  File name constructed: EFI\HP\BIOS\Current\0878A.bin
2020-08-19 03:29:21  File name constructed: EFI\HP\BIOS\Previous\0878A.bin
2020-08-19 03:29:21  File name constructed: EFI\HP\BIOS\Current\0878A.sig
2020-08-19 03:29:21  File name constructed: EFI\HP\BIOS\Previous\0878A.sig
2020-08-19 03:29:21  File name constructed: EFI\HP\BIOS\Current\0878A.s12
2020-08-19 03:29:21  Read file EFI\HP\BIOS\Current\0878A.s12 failed (Not Found)
2020-08-19 03:29:21  File name constructed: EFI\HP\BIOS\Current\0878A.bin
2020-08-19 03:29:21  File name constructed: EFI\HP\BIOS\Current\0878A.sig
2020-08-19 03:29:21  File name constructed: EFI\HP\BIOS\New\0878A.bin
2020-08-19 03:29:21  Will delete file EFI\HP\BIOS\New\0878A.bin
2020-08-19 03:29:21  File name constructed: EFI\HP\BIOS\New\0878A.sig
2020-08-19 03:29:21  Will delete file EFI\HP\BIOS\New\0878A.sig
2020-08-19 03:29:21  EfiBiosUpdateLibEntry(): Result is 0x0
2020-08-19 03:29:21  Setting Flash Completion Status
2020-08-19 03:29:21  BIOS Update Process Complete
2020-08-19 03:29:21  BIOS Update Successful
2020-12-10 09:45:19  EFI HP BIOS Update 3.9.0.0 Started
2020-12-10 09:45:19  [L]> System ID: 878A
2020-12-10 09:45:19  HP BIOS Image Interface Protocol Version 2.0
2020-12-10 09:45:19  [L]> EFI_HP_BATTERY_CONTROL_PROTOCOL_2010 is present.
2020-12-10 09:45:19  Type 11 1 tables
2020-12-10 09:45:19  Type (000000000000000Bh), Len (0000000000000005h), Handle (0000000000000011h), String count (000000000000000Dh)
2020-12-10 09:45:19  HPBATDET: Environment Variable not found.
2020-12-10 09:45:19  BATDET: Date 6//8//2020 
2020-12-10 09:45:19  BATDET: 0
2020-12-10 09:45:19  [L]> BATDET: HP
2020-12-10 09:45:19  [L]> Found 1 Absolute Pointer Protocol(s)
2020-12-10 09:45:19  [L]> 0 UART device path node found.
2020-12-10 09:45:19  All Required Protocols Located
2020-12-10 09:45:19  HpBiosUpdate.Mode = 0
2020-12-10 09:45:19  WRITE_BB = 0
2020-12-10 09:45:19  Current Directory = \EFI\HP\BIOSUpdate\
2020-12-10 09:45:19  [L]> System ID: 878A
2020-12-10 09:45:19  SMBIOS Init Success
2020-12-10 09:45:19  SystemFamily = 2
2020-12-10 09:45:19  [L]> PlatformLang reported as en-US.
2020-12-10 09:45:19  [L]> Language Selected is currently (eng).
2020-12-10 09:45:19  Starting BIOS Update Process
2020-12-10 09:45:19  Setting BIOS Update Token
2020-12-10 09:45:19  Getting BIOS Detail Information
2020-12-10 09:45:19  IsBiosSixDigits = 0
2020-12-10 09:45:19  BIOS Returned BiosID '0878A'
2020-12-10 09:45:19  Skip Addresses:
2020-12-10 09:45:19  Loading BIOS Image
2020-12-10 09:45:19  File name constructed: EFI\HP\BIOS\New\0878A.bin
2020-12-10 09:45:19  Reading New BIOS Image EFI\HP\BIOS\New\0878A.bin
2020-12-10 09:45:19  Getting BIOS version from file image
2020-12-10 09:45:19  Bios Version = F.07
2020-12-10 09:45:19  Verifying AC or Battery Power Status
2020-12-10 09:45:35  Verifying Binary match
2020-12-10 09:45:35  Loading Signature File
2020-12-10 09:45:35  Loading Password File if required
2020-12-10 09:45:35  BIOS Password not required.
2020-12-10 09:45:35  Writing BIOS Image
2020-12-10 09:48:22  Verifying Written BIOS Image
2020-12-10 09:48:36  Updating BIOS files
2020-12-10 09:48:36  File name constructed: EFI\HP\BIOS\Current\0878A.bin
2020-12-10 09:48:36  File name constructed: EFI\HP\BIOS\Previous\0878A.bin
2020-12-10 09:48:36  File name constructed: EFI\HP\BIOS\Current\0878A.sig
2020-12-10 09:48:36  File name constructed: EFI\HP\BIOS\Previous\0878A.sig
2020-12-10 09:48:36  File name constructed: EFI\HP\BIOS\Current\0878A.s12
2020-12-10 09:48:36  Read file EFI\HP\BIOS\Current\0878A.s12 failed (Not Found)
2020-12-10 09:48:36  File name constructed: EFI\HP\BIOS\Current\0878A.bin
2020-12-10 09:48:36  File name constructed: EFI\HP\BIOS\Current\0878A.sig
2020-12-10 09:48:36  File name constructed: EFI\HP\BIOS\New\0878A.bin
2020-12-10 09:48:36  Will delete file EFI\HP\BIOS\New\0878A.bin
2020-12-10 09:48:36  File name constructed: EFI\HP\BIOS\New\0878A.sig
2020-12-10 09:48:36  Will delete file EFI\HP\BIOS\New\0878A.sig
2020-12-10 09:48:36  EfiBiosUpdateLibEntry(): Result is 0x0
2020-12-10 09:48:36  Setting Flash Completion Status
2020-12-10 09:48:36  BIOS Update Process Complete
2020-12-10 09:48:36  BIOS Update Successful
